2020-06-18 15:21:56,070 INFO org.springframework.test.context.support.AbstractTestContextBootstrapper [main] Neither @ContextConfiguration nor @ContextHierarchy found for test class [com.aflaifel.assignment.demo.DemoApplicationTests], using SpringBootContextLoader
2020-06-18 15:21:56,099 INFO org.springframework.test.context.support.AbstractContextLoader [main] Could not detect default resource locations for test class [com.aflaifel.assignment.demo.DemoApplicationTests]: no resource found for suffixes {-context.xml, Context.groovy}.
2020-06-18 15:21:56,105 INFO org.springframework.test.context.support.AnnotationConfigContextLoaderUtils [main] Could not detect default configuration classes for test class [com.aflaifel.assignment.demo.DemoApplicationTests]: DemoApplicationTests does not declare any static, non-private, non-final, nested classes annotated with @Configuration.
2020-06-18 15:21:56,568 INFO org.springframework.boot.test.context.SpringBootTestContextBootstrapper [main] Found @SpringBootConfiguration com.aflaifel.assignment.demo.DemoApplication for test class com.aflaifel.assignment.demo.DemoApplicationTests
2020-06-18 15:21:56,938 INFO org.springframework.test.context.support.AbstractTestContextBootstrapper [main] Loaded default TestExecutionListener class names from location [META-INF/spring.factories]: [org.springframework.boot.test.mock.mockito.MockitoTestExecutionListener, org.springframework.boot.test.mock.mockito.ResetMocksTestExecutionListener, org.springframework.boot.test.autoconfigure.restdocs.RestDocsTestExecutionListener, org.springframework.boot.test.autoconfigure.web.client.MockRestServiceServerResetTestExecutionListener, org.springframework.boot.test.autoconfigure.web.servlet.MockMvcPrintOnlyOnFailureTestExecutionListener, org.springframework.boot.test.autoconfigure.web.servlet.WebDriverTestExecutionListener, org.springframework.boot.test.autoconfigure.webservices.client.MockWebServiceServerTestExecutionListener, org.springframework.test.context.web.ServletTestExecutionListener, org.springframework.test.context.support.DirtiesContextBeforeModesTestExecutionListener, org.springframework.test.context.support.DependencyInjectionTestExecutionListener, org.springframework.test.context.support.DirtiesContextTestExecutionListener, org.springframework.test.context.transaction.TransactionalTestExecutionListener, org.springframework.test.context.jdbc.SqlScriptsTestExecutionListener, org.springframework.test.context.event.EventPublishingTestExecutionListener]
2020-06-18 15:21:57,018 INFO org.springframework.test.context.support.AbstractTestContextBootstrapper [main] Using TestExecutionListeners: [org.springframework.test.context.web.ServletTestExecutionListener@72d6b3ba, org.springframework.test.context.support.DirtiesContextBeforeModesTestExecutionListener@1787f2a0, org.springframework.boot.test.mock.mockito.MockitoTestExecutionListener@7de62196, org.springframework.boot.test.autoconfigure.SpringBootDependencyInjectionTestExecutionListener@163370c2, org.springframework.test.context.support.DirtiesContextTestExecutionListener@51bf5add, org.springframework.test.context.transaction.TransactionalTestExecutionListener@7905a0b8, org.springframework.test.context.jdbc.SqlScriptsTestExecutionListener@35a3d49f, org.springframework.test.context.event.EventPublishingTestExecutionListener@389b0789, org.springframework.boot.test.mock.mockito.ResetMocksTestExecutionListener@13d9cbf5, org.springframework.boot.test.autoconfigure.restdocs.RestDocsTestExecutionListener@478db956, org.springframework.boot.test.autoconfigure.web.client.MockRestServiceServerResetTestExecutionListener@6ca18a14, org.springframework.boot.test.autoconfigure.web.servlet.MockMvcPrintOnlyOnFailureTestExecutionListener@c667f46, org.springframework.boot.test.autoconfigure.web.servlet.WebDriverTestExecutionListener@51bd8b5c, org.springframework.boot.test.autoconfigure.webservices.client.MockWebServiceServerTestExecutionListener@7b50df34]
2020-06-18 15:21:58,220 INFO org.springframework.boot.StartupInfoLogger [main] Starting DemoApplicationTests on Abdallah with PID 6640 (started by Abdallah in E:\Projects\demo\demo)
2020-06-18 15:21:58,223 INFO org.springframework.boot.SpringApplication [main] No active profile set, falling back to default profiles: default
2020-06-18 15:21:59,393 INFO org.springframework.data.repository.config.RepositoryConfigurationDelegate [main] Bootstrapping Spring Data JPA repositories in DEFERRED mode.
2020-06-18 15:21:59,512 INFO org.springframework.data.repository.config.RepositoryConfigurationDelegate [main] Finished Spring Data repository scanning in 102ms. Found 4 JPA repository interfaces.
2020-06-18 15:22:00,437 INFO org.springframework.scheduling.concurrent.ExecutorConfigurationSupport [main] Initializing ExecutorService 'applicationTaskExecutor'
2020-06-18 15:22:00,518 INFO org.hibernate.jpa.internal.util.LogHelper [task-1] HHH000204: Processing PersistenceUnitInfo [name: default]
2020-06-18 15:22:00,622 INFO org.hibernate.Version [task-1] HHH000412: Hibernate ORM core version 5.4.17.Final
2020-06-18 15:22:00,911 INFO org.hibernate.annotations.common.reflection.java.JavaReflectionManager [task-1] HCANN000001: Hibernate Commons Annotations {5.1.0.Final}
2020-06-18 15:22:01,075 INFO com.zaxxer.hikari.HikariDataSource [task-1] HikariPool-1 - Starting...
2020-06-18 15:22:01,761 INFO com.zaxxer.hikari.HikariDataSource [task-1] HikariPool-1 - Start completed.
2020-06-18 15:22:01,794 INFO org.hibernate.dialect.Dialect [task-1] HHH000400: Using dialect: org.hibernate.dialect.MySQL5Dialect
2020-06-18 15:22:03,065 INFO org.hibernate.engine.transaction.jta.platform.internal.JtaPlatformInitiator [task-1] HHH000490: Using JtaPlatform implementation: [org.hibernate.engine.transaction.jta.platform.internal.NoJtaPlatform]
2020-06-18 15:22:03,073 INFO org.springframework.orm.jpa.AbstractEntityManagerFactoryBean [task-1] Initialized JPA EntityManagerFactory for persistence unit 'default'
2020-06-18 15:22:03,913 WARN org.springframework.boot.autoconfigure.orm.jpa.JpaBaseConfiguration$JpaWebConfiguration [main] spring.jpa.open-in-view is enabled by default. Therefore, database queries may be performed during view rendering. Explicitly configure spring.jpa.open-in-view to disable this warning
2020-06-18 15:22:04,609 INFO org.springframework.data.repository.config.DeferredRepositoryInitializationListener [main] Triggering deferred initialization of Spring Data repositories…
2020-06-18 15:22:04,813 INFO org.springframework.data.repository.config.DeferredRepositoryInitializationListener [main] Spring Data repositories initialized!
2020-06-18 15:22:04,822 INFO org.springframework.boot.StartupInfoLogger [main] Started DemoApplicationTests in 7.673 seconds (JVM running for 9.882)
2020-06-18 15:22:04,977 INFO org.springframework.orm.jpa.AbstractEntityManagerFactoryBean [SpringContextShutdownHook] Closing JPA EntityManagerFactory for persistence unit 'default'
2020-06-18 15:22:04,981 INFO org.springframework.scheduling.concurrent.ExecutorConfigurationSupport [SpringContextShutdownHook] Shutting down ExecutorService 'applicationTaskExecutor'
2020-06-18 15:22:04,981 INFO com.zaxxer.hikari.HikariDataSource [SpringContextShutdownHook] HikariPool-1 - Shutdown initiated...
2020-06-18 15:22:04,990 INFO com.zaxxer.hikari.HikariDataSource [SpringContextShutdownHook] HikariPool-1 - Shutdown completed.
