2020-06-29 08:46:15,920 INFO org.springframework.test.context.support.AbstractTestContextBootstrapper [main] Neither @ContextConfiguration nor @ContextHierarchy found for test class [com.aflaifel.assignment.demo.DemoApplicationTests], using SpringBootContextLoader
2020-06-29 08:46:15,928 INFO org.springframework.test.context.support.AbstractContextLoader [main] Could not detect default resource locations for test class [com.aflaifel.assignment.demo.DemoApplicationTests]: no resource found for suffixes {-context.xml, Context.groovy}.
2020-06-29 08:46:15,930 INFO org.springframework.test.context.support.AnnotationConfigContextLoaderUtils [main] Could not detect default configuration classes for test class [com.aflaifel.assignment.demo.DemoApplicationTests]: DemoApplicationTests does not declare any static, non-private, non-final, nested classes annotated with @Configuration.
2020-06-29 08:46:16,083 INFO org.springframework.boot.test.context.SpringBootTestContextBootstrapper [main] Found @SpringBootConfiguration com.aflaifel.assignment.demo.DemoApplication for test class com.aflaifel.assignment.demo.DemoApplicationTests
2020-06-29 08:46:16,203 INFO org.springframework.test.context.support.AbstractTestContextBootstrapper [main] Loaded default TestExecutionListener class names from location [META-INF/spring.factories]: [org.springframework.boot.test.mock.mockito.MockitoTestExecutionListener, org.springframework.boot.test.mock.mockito.ResetMocksTestExecutionListener, org.springframework.boot.test.autoconfigure.restdocs.RestDocsTestExecutionListener, org.springframework.boot.test.autoconfigure.web.client.MockRestServiceServerResetTestExecutionListener, org.springframework.boot.test.autoconfigure.web.servlet.MockMvcPrintOnlyOnFailureTestExecutionListener, org.springframework.boot.test.autoconfigure.web.servlet.WebDriverTestExecutionListener, org.springframework.boot.test.autoconfigure.webservices.client.MockWebServiceServerTestExecutionListener, org.springframework.test.context.web.ServletTestExecutionListener, org.springframework.test.context.support.DirtiesContextBeforeModesTestExecutionListener, org.springframework.test.context.support.DependencyInjectionTestExecutionListener, org.springframework.test.context.support.DirtiesContextTestExecutionListener, org.springframework.test.context.transaction.TransactionalTestExecutionListener, org.springframework.test.context.jdbc.SqlScriptsTestExecutionListener, org.springframework.test.context.event.EventPublishingTestExecutionListener]
2020-06-29 08:46:16,238 INFO org.springframework.test.context.support.AbstractTestContextBootstrapper [main] Using TestExecutionListeners: [org.springframework.test.context.web.ServletTestExecutionListener@1787f2a0, org.springframework.test.context.support.DirtiesContextBeforeModesTestExecutionListener@7de62196, org.springframework.boot.test.mock.mockito.MockitoTestExecutionListener@163370c2, org.springframework.boot.test.autoconfigure.SpringBootDependencyInjectionTestExecutionListener@51bf5add, org.springframework.test.context.support.DirtiesContextTestExecutionListener@7905a0b8, org.springframework.test.context.transaction.TransactionalTestExecutionListener@35a3d49f, org.springframework.test.context.jdbc.SqlScriptsTestExecutionListener@389b0789, org.springframework.test.context.event.EventPublishingTestExecutionListener@13d9cbf5, org.springframework.boot.test.mock.mockito.ResetMocksTestExecutionListener@478db956, org.springframework.boot.test.autoconfigure.restdocs.RestDocsTestExecutionListener@6ca18a14, org.springframework.boot.test.autoconfigure.web.client.MockRestServiceServerResetTestExecutionListener@c667f46, org.springframework.boot.test.autoconfigure.web.servlet.MockMvcPrintOnlyOnFailureTestExecutionListener@51bd8b5c, org.springframework.boot.test.autoconfigure.web.servlet.WebDriverTestExecutionListener@7b50df34, org.springframework.boot.test.autoconfigure.webservices.client.MockWebServiceServerTestExecutionListener@1b410b60]
2020-06-29 08:46:16,793 INFO org.springframework.boot.StartupInfoLogger [main] Starting DemoApplicationTests on Abdallah with PID 12584 (started by Abdallah in E:\Projects\demo\demo)
2020-06-29 08:46:16,794 INFO org.springframework.boot.SpringApplication [main] The following profiles are active: dev
2020-06-29 08:46:17,759 INFO org.springframework.data.repository.config.RepositoryConfigurationDelegate [main] Bootstrapping Spring Data JPA repositories in DEFERRED mode.
2020-06-29 08:46:17,843 INFO org.springframework.data.repository.config.RepositoryConfigurationDelegate [main] Finished Spring Data repository scanning in 71ms. Found 4 JPA repository interfaces.
2020-06-29 08:46:18,646 INFO org.springframework.scheduling.concurrent.ExecutorConfigurationSupport [main] Initializing ExecutorService 'applicationTaskExecutor'
2020-06-29 08:46:18,717 INFO org.hibernate.jpa.internal.util.LogHelper [task-1] HHH000204: Processing PersistenceUnitInfo [name: default]
2020-06-29 08:46:18,788 INFO org.hibernate.Version [task-1] HHH000412: Hibernate ORM core version 5.4.17.Final
2020-06-29 08:46:19,089 INFO org.hibernate.annotations.common.reflection.java.JavaReflectionManager [task-1] HCANN000001: Hibernate Commons Annotations {5.1.0.Final}
2020-06-29 08:46:19,273 INFO com.zaxxer.hikari.HikariDataSource [task-1] HikariPool-1 - Starting...
2020-06-29 08:46:19,538 INFO com.zaxxer.hikari.HikariDataSource [task-1] HikariPool-1 - Start completed.
2020-06-29 08:46:19,557 INFO org.hibernate.dialect.Dialect [task-1] HHH000400: Using dialect: org.hibernate.dialect.MySQL5Dialect
2020-06-29 08:46:20,376 INFO org.hibernate.engine.transaction.jta.platform.internal.JtaPlatformInitiator [task-1] HHH000490: Using JtaPlatform implementation: [org.hibernate.engine.transaction.jta.platform.internal.NoJtaPlatform]
2020-06-29 08:46:20,384 INFO org.springframework.orm.jpa.AbstractEntityManagerFactoryBean [task-1] Initialized JPA EntityManagerFactory for persistence unit 'default'
2020-06-29 08:46:21,158 WARN org.springframework.boot.autoconfigure.orm.jpa.JpaBaseConfiguration$JpaWebConfiguration [main] spring.jpa.open-in-view is enabled by default. Therefore, database queries may be performed during view rendering. Explicitly configure spring.jpa.open-in-view to disable this warning
2020-06-29 08:46:22,308 INFO org.springframework.data.repository.config.DeferredRepositoryInitializationListener [main] Triggering deferred initialization of Spring Data repositories…
2020-06-29 08:46:22,594 INFO org.springframework.data.repository.config.DeferredRepositoryInitializationListener [main] Spring Data repositories initialized!
2020-06-29 08:46:22,607 INFO org.springframework.boot.StartupInfoLogger [main] Started DemoApplicationTests in 6.304 seconds (JVM running for 7.619)
2020-06-29 08:46:22,881 INFO org.springframework.orm.jpa.AbstractEntityManagerFactoryBean [SpringContextShutdownHook] Closing JPA EntityManagerFactory for persistence unit 'default'
2020-06-29 08:46:22,885 INFO org.springframework.scheduling.concurrent.ExecutorConfigurationSupport [SpringContextShutdownHook] Shutting down ExecutorService 'applicationTaskExecutor'
2020-06-29 08:46:22,886 INFO com.zaxxer.hikari.HikariDataSource [SpringContextShutdownHook] HikariPool-1 - Shutdown initiated...
2020-06-29 08:46:22,914 INFO com.zaxxer.hikari.HikariDataSource [SpringContextShutdownHook] HikariPool-1 - Shutdown completed.
2020-06-29 08:52:43,850 INFO com.aflaifel.assignment.demo.service.TestUserService [main] inside initializationTest()
2020-06-29 08:55:41,998 INFO org.springframework.test.context.support.AbstractTestContextBootstrapper [main] Neither @ContextConfiguration nor @ContextHierarchy found for test class [com.aflaifel.assignment.demo.DemoApplicationTests], using SpringBootContextLoader
2020-06-29 08:55:42,007 INFO org.springframework.test.context.support.AbstractContextLoader [main] Could not detect default resource locations for test class [com.aflaifel.assignment.demo.DemoApplicationTests]: no resource found for suffixes {-context.xml, Context.groovy}.
2020-06-29 08:55:42,009 INFO org.springframework.test.context.support.AnnotationConfigContextLoaderUtils [main] Could not detect default configuration classes for test class [com.aflaifel.assignment.demo.DemoApplicationTests]: DemoApplicationTests does not declare any static, non-private, non-final, nested classes annotated with @Configuration.
2020-06-29 08:55:42,195 INFO org.springframework.boot.test.context.SpringBootTestContextBootstrapper [main] Found @SpringBootConfiguration com.aflaifel.assignment.demo.DemoApplication for test class com.aflaifel.assignment.demo.DemoApplicationTests
2020-06-29 08:55:42,319 INFO org.springframework.test.context.support.AbstractTestContextBootstrapper [main] Loaded default TestExecutionListener class names from location [META-INF/spring.factories]: [org.springframework.boot.test.mock.mockito.MockitoTestExecutionListener, org.springframework.boot.test.mock.mockito.ResetMocksTestExecutionListener, org.springframework.boot.test.autoconfigure.restdocs.RestDocsTestExecutionListener, org.springframework.boot.test.autoconfigure.web.client.MockRestServiceServerResetTestExecutionListener, org.springframework.boot.test.autoconfigure.web.servlet.MockMvcPrintOnlyOnFailureTestExecutionListener, org.springframework.boot.test.autoconfigure.web.servlet.WebDriverTestExecutionListener, org.springframework.boot.test.autoconfigure.webservices.client.MockWebServiceServerTestExecutionListener, org.springframework.test.context.web.ServletTestExecutionListener, org.springframework.test.context.support.DirtiesContextBeforeModesTestExecutionListener, org.springframework.test.context.support.DependencyInjectionTestExecutionListener, org.springframework.test.context.support.DirtiesContextTestExecutionListener, org.springframework.test.context.transaction.TransactionalTestExecutionListener, org.springframework.test.context.jdbc.SqlScriptsTestExecutionListener, org.springframework.test.context.event.EventPublishingTestExecutionListener]
2020-06-29 08:55:42,346 INFO org.springframework.test.context.support.AbstractTestContextBootstrapper [main] Using TestExecutionListeners: [org.springframework.test.context.web.ServletTestExecutionListener@452e19ca, org.springframework.test.context.support.DirtiesContextBeforeModesTestExecutionListener@6b0d80ed, org.springframework.boot.test.mock.mockito.MockitoTestExecutionListener@6f8e8894, org.springframework.boot.test.autoconfigure.SpringBootDependencyInjectionTestExecutionListener@3cfdd820, org.springframework.test.context.support.DirtiesContextTestExecutionListener@928763c, org.springframework.test.context.transaction.TransactionalTestExecutionListener@e25951c, org.springframework.test.context.jdbc.SqlScriptsTestExecutionListener@15f47664, org.springframework.test.context.event.EventPublishingTestExecutionListener@471a9022, org.springframework.boot.test.mock.mockito.ResetMocksTestExecutionListener@dc9876b, org.springframework.boot.test.autoconfigure.restdocs.RestDocsTestExecutionListener@2f666ebb, org.springframework.boot.test.autoconfigure.web.client.MockRestServiceServerResetTestExecutionListener@19976a65, org.springframework.boot.test.autoconfigure.web.servlet.MockMvcPrintOnlyOnFailureTestExecutionListener@a1f72f5, org.springframework.boot.test.autoconfigure.web.servlet.WebDriverTestExecutionListener@4b2c5e02, org.springframework.boot.test.autoconfigure.webservices.client.MockWebServiceServerTestExecutionListener@57a3e26a]
2020-06-29 08:55:42,926 INFO org.springframework.boot.StartupInfoLogger [main] Starting DemoApplicationTests on Abdallah with PID 19152 (started by Abdallah in E:\Projects\demo\demo)
2020-06-29 08:55:42,927 INFO org.springframework.boot.SpringApplication [main] The following profiles are active: dev
2020-06-29 08:55:44,140 INFO org.springframework.data.repository.config.RepositoryConfigurationDelegate [main] Bootstrapping Spring Data JPA repositories in DEFERRED mode.
2020-06-29 08:55:44,229 INFO org.springframework.data.repository.config.RepositoryConfigurationDelegate [main] Finished Spring Data repository scanning in 77ms. Found 4 JPA repository interfaces.
2020-06-29 08:55:45,213 INFO org.springframework.scheduling.concurrent.ExecutorConfigurationSupport [main] Initializing ExecutorService 'applicationTaskExecutor'
2020-06-29 08:55:45,296 INFO org.hibernate.jpa.internal.util.LogHelper [task-1] HHH000204: Processing PersistenceUnitInfo [name: default]
2020-06-29 08:55:45,398 INFO org.hibernate.Version [task-1] HHH000412: Hibernate ORM core version 5.4.17.Final
2020-06-29 08:55:45,713 INFO org.hibernate.annotations.common.reflection.java.JavaReflectionManager [task-1] HCANN000001: Hibernate Commons Annotations {5.1.0.Final}
2020-06-29 08:55:45,923 INFO com.zaxxer.hikari.HikariDataSource [task-1] HikariPool-1 - Starting...
2020-06-29 08:55:46,195 INFO com.zaxxer.hikari.HikariDataSource [task-1] HikariPool-1 - Start completed.
2020-06-29 08:55:46,224 INFO org.hibernate.dialect.Dialect [task-1] HHH000400: Using dialect: org.hibernate.dialect.MySQL5Dialect
2020-06-29 08:55:47,151 INFO org.hibernate.engine.transaction.jta.platform.internal.JtaPlatformInitiator [task-1] HHH000490: Using JtaPlatform implementation: [org.hibernate.engine.transaction.jta.platform.internal.NoJtaPlatform]
2020-06-29 08:55:47,161 INFO org.springframework.orm.jpa.AbstractEntityManagerFactoryBean [task-1] Initialized JPA EntityManagerFactory for persistence unit 'default'
2020-06-29 08:55:47,978 WARN org.springframework.boot.autoconfigure.orm.jpa.JpaBaseConfiguration$JpaWebConfiguration [main] spring.jpa.open-in-view is enabled by default. Therefore, database queries may be performed during view rendering. Explicitly configure spring.jpa.open-in-view to disable this warning
2020-06-29 08:55:49,189 INFO org.springframework.data.repository.config.DeferredRepositoryInitializationListener [main] Triggering deferred initialization of Spring Data repositories…
2020-06-29 08:55:49,535 INFO org.springframework.data.repository.config.DeferredRepositoryInitializationListener [main] Spring Data repositories initialized!
2020-06-29 08:55:49,548 INFO org.springframework.boot.StartupInfoLogger [main] Started DemoApplicationTests in 7.13 seconds (JVM running for 8.584)
2020-06-29 08:55:49,812 INFO org.springframework.orm.jpa.AbstractEntityManagerFactoryBean [SpringContextShutdownHook] Closing JPA EntityManagerFactory for persistence unit 'default'
2020-06-29 08:55:49,816 INFO org.springframework.scheduling.concurrent.ExecutorConfigurationSupport [SpringContextShutdownHook] Shutting down ExecutorService 'applicationTaskExecutor'
2020-06-29 08:55:49,817 INFO com.zaxxer.hikari.HikariDataSource [SpringContextShutdownHook] HikariPool-1 - Shutdown initiated...
2020-06-29 08:55:49,841 INFO com.zaxxer.hikari.HikariDataSource [SpringContextShutdownHook] HikariPool-1 - Shutdown completed.
2020-06-29 10:28:47,011 INFO org.springframework.test.context.support.AbstractTestContextBootstrapper [main] Neither @ContextConfiguration nor @ContextHierarchy found for test class [com.aflaifel.assignment.demo.DemoApplicationTests], using SpringBootContextLoader
2020-06-29 10:28:47,020 INFO org.springframework.test.context.support.AbstractContextLoader [main] Could not detect default resource locations for test class [com.aflaifel.assignment.demo.DemoApplicationTests]: no resource found for suffixes {-context.xml, Context.groovy}.
2020-06-29 10:28:47,021 INFO org.springframework.test.context.support.AnnotationConfigContextLoaderUtils [main] Could not detect default configuration classes for test class [com.aflaifel.assignment.demo.DemoApplicationTests]: DemoApplicationTests does not declare any static, non-private, non-final, nested classes annotated with @Configuration.
2020-06-29 10:28:47,158 INFO org.springframework.boot.test.context.SpringBootTestContextBootstrapper [main] Found @SpringBootConfiguration com.aflaifel.assignment.demo.DemoApplication for test class com.aflaifel.assignment.demo.DemoApplicationTests
2020-06-29 10:28:47,263 INFO org.springframework.test.context.support.AbstractTestContextBootstrapper [main] Loaded default TestExecutionListener class names from location [META-INF/spring.factories]: [org.springframework.boot.test.mock.mockito.MockitoTestExecutionListener, org.springframework.boot.test.mock.mockito.ResetMocksTestExecutionListener, org.springframework.boot.test.autoconfigure.restdocs.RestDocsTestExecutionListener, org.springframework.boot.test.autoconfigure.web.client.MockRestServiceServerResetTestExecutionListener, org.springframework.boot.test.autoconfigure.web.servlet.MockMvcPrintOnlyOnFailureTestExecutionListener, org.springframework.boot.test.autoconfigure.web.servlet.WebDriverTestExecutionListener, org.springframework.boot.test.autoconfigure.webservices.client.MockWebServiceServerTestExecutionListener, org.springframework.test.context.web.ServletTestExecutionListener, org.springframework.test.context.support.DirtiesContextBeforeModesTestExecutionListener, org.springframework.test.context.support.DependencyInjectionTestExecutionListener, org.springframework.test.context.support.DirtiesContextTestExecutionListener, org.springframework.test.context.transaction.TransactionalTestExecutionListener, org.springframework.test.context.jdbc.SqlScriptsTestExecutionListener, org.springframework.test.context.event.EventPublishingTestExecutionListener]
2020-06-29 10:28:47,283 INFO org.springframework.test.context.support.AbstractTestContextBootstrapper [main] Using TestExecutionListeners: [org.springframework.test.context.web.ServletTestExecutionListener@452e19ca, org.springframework.test.context.support.DirtiesContextBeforeModesTestExecutionListener@6b0d80ed, org.springframework.boot.test.mock.mockito.MockitoTestExecutionListener@6f8e8894, org.springframework.boot.test.autoconfigure.SpringBootDependencyInjectionTestExecutionListener@3cfdd820, org.springframework.test.context.support.DirtiesContextTestExecutionListener@928763c, org.springframework.test.context.transaction.TransactionalTestExecutionListener@e25951c, org.springframework.test.context.jdbc.SqlScriptsTestExecutionListener@15f47664, org.springframework.test.context.event.EventPublishingTestExecutionListener@471a9022, org.springframework.boot.test.mock.mockito.ResetMocksTestExecutionListener@dc9876b, org.springframework.boot.test.autoconfigure.restdocs.RestDocsTestExecutionListener@2f666ebb, org.springframework.boot.test.autoconfigure.web.client.MockRestServiceServerResetTestExecutionListener@19976a65, org.springframework.boot.test.autoconfigure.web.servlet.MockMvcPrintOnlyOnFailureTestExecutionListener@a1f72f5, org.springframework.boot.test.autoconfigure.web.servlet.WebDriverTestExecutionListener@4b2c5e02, org.springframework.boot.test.autoconfigure.webservices.client.MockWebServiceServerTestExecutionListener@57a3e26a]
2020-06-29 10:28:47,726 INFO org.springframework.boot.StartupInfoLogger [main] Starting DemoApplicationTests on Abdallah with PID 15208 (started by Abdallah in E:\Projects\demo\demo)
2020-06-29 10:28:47,727 INFO org.springframework.boot.SpringApplication [main] The following profiles are active: dev
2020-06-29 10:28:48,569 INFO org.springframework.data.repository.config.RepositoryConfigurationDelegate [main] Bootstrapping Spring Data JPA repositories in DEFERRED mode.
2020-06-29 10:28:48,633 INFO org.springframework.data.repository.config.RepositoryConfigurationDelegate [main] Finished Spring Data repository scanning in 55ms. Found 4 JPA repository interfaces.
2020-06-29 10:28:49,386 INFO org.springframework.scheduling.concurrent.ExecutorConfigurationSupport [main] Initializing ExecutorService 'applicationTaskExecutor'
2020-06-29 10:28:49,502 INFO org.hibernate.jpa.internal.util.LogHelper [task-1] HHH000204: Processing PersistenceUnitInfo [name: default]
2020-06-29 10:28:49,576 INFO org.hibernate.Version [task-1] HHH000412: Hibernate ORM core version 5.4.17.Final
2020-06-29 10:28:49,843 INFO org.hibernate.annotations.common.reflection.java.JavaReflectionManager [task-1] HCANN000001: Hibernate Commons Annotations {5.1.0.Final}
2020-06-29 10:28:50,309 INFO com.zaxxer.hikari.HikariDataSource [task-1] HikariPool-1 - Starting...
2020-06-29 10:28:50,516 INFO com.zaxxer.hikari.HikariDataSource [task-1] HikariPool-1 - Start completed.
2020-06-29 10:28:50,537 INFO org.hibernate.dialect.Dialect [task-1] HHH000400: Using dialect: org.hibernate.dialect.MySQL5Dialect
2020-06-29 10:28:51,382 INFO org.hibernate.engine.transaction.jta.platform.internal.JtaPlatformInitiator [task-1] HHH000490: Using JtaPlatform implementation: [org.hibernate.engine.transaction.jta.platform.internal.NoJtaPlatform]
2020-06-29 10:28:51,389 INFO org.springframework.orm.jpa.AbstractEntityManagerFactoryBean [task-1] Initialized JPA EntityManagerFactory for persistence unit 'default'
2020-06-29 10:28:52,198 WARN org.springframework.boot.autoconfigure.orm.jpa.JpaBaseConfiguration$JpaWebConfiguration [main] spring.jpa.open-in-view is enabled by default. Therefore, database queries may be performed during view rendering. Explicitly configure spring.jpa.open-in-view to disable this warning
2020-06-29 10:28:52,997 INFO org.springframework.data.repository.config.DeferredRepositoryInitializationListener [main] Triggering deferred initialization of Spring Data repositories…
2020-06-29 10:28:53,418 INFO org.springframework.data.repository.config.DeferredRepositoryInitializationListener [main] Spring Data repositories initialized!
2020-06-29 10:28:53,429 INFO org.springframework.boot.StartupInfoLogger [main] Started DemoApplicationTests in 6.096 seconds (JVM running for 7.268)
2020-06-29 10:28:53,607 INFO org.springframework.orm.jpa.AbstractEntityManagerFactoryBean [SpringContextShutdownHook] Closing JPA EntityManagerFactory for persistence unit 'default'
2020-06-29 10:28:53,611 INFO org.springframework.scheduling.concurrent.ExecutorConfigurationSupport [SpringContextShutdownHook] Shutting down ExecutorService 'applicationTaskExecutor'
2020-06-29 10:28:53,613 INFO com.zaxxer.hikari.HikariDataSource [SpringContextShutdownHook] HikariPool-1 - Shutdown initiated...
2020-06-29 10:28:53,634 INFO com.zaxxer.hikari.HikariDataSource [SpringContextShutdownHook] HikariPool-1 - Shutdown completed.
2020-06-29 10:31:48,590 INFO org.springframework.test.context.support.AbstractTestContextBootstrapper [main] Neither @ContextConfiguration nor @ContextHierarchy found for test class [com.aflaifel.assignment.demo.DemoApplicationTests], using SpringBootContextLoader
2020-06-29 10:31:48,596 INFO org.springframework.test.context.support.AbstractContextLoader [main] Could not detect default resource locations for test class [com.aflaifel.assignment.demo.DemoApplicationTests]: no resource found for suffixes {-context.xml, Context.groovy}.
2020-06-29 10:31:48,597 INFO org.springframework.test.context.support.AnnotationConfigContextLoaderUtils [main] Could not detect default configuration classes for test class [com.aflaifel.assignment.demo.DemoApplicationTests]: DemoApplicationTests does not declare any static, non-private, non-final, nested classes annotated with @Configuration.
2020-06-29 10:31:48,716 INFO org.springframework.boot.test.context.SpringBootTestContextBootstrapper [main] Found @SpringBootConfiguration com.aflaifel.assignment.demo.DemoApplication for test class com.aflaifel.assignment.demo.DemoApplicationTests
2020-06-29 10:31:48,812 INFO org.springframework.test.context.support.AbstractTestContextBootstrapper [main] Loaded default TestExecutionListener class names from location [META-INF/spring.factories]: [org.springframework.boot.test.mock.mockito.MockitoTestExecutionListener, org.springframework.boot.test.mock.mockito.ResetMocksTestExecutionListener, org.springframework.boot.test.autoconfigure.restdocs.RestDocsTestExecutionListener, org.springframework.boot.test.autoconfigure.web.client.MockRestServiceServerResetTestExecutionListener, org.springframework.boot.test.autoconfigure.web.servlet.MockMvcPrintOnlyOnFailureTestExecutionListener, org.springframework.boot.test.autoconfigure.web.servlet.WebDriverTestExecutionListener, org.springframework.boot.test.autoconfigure.webservices.client.MockWebServiceServerTestExecutionListener, org.springframework.test.context.web.ServletTestExecutionListener, org.springframework.test.context.support.DirtiesContextBeforeModesTestExecutionListener, org.springframework.test.context.support.DependencyInjectionTestExecutionListener, org.springframework.test.context.support.DirtiesContextTestExecutionListener, org.springframework.test.context.transaction.TransactionalTestExecutionListener, org.springframework.test.context.jdbc.SqlScriptsTestExecutionListener, org.springframework.test.context.event.EventPublishingTestExecutionListener]
2020-06-29 10:31:48,831 INFO org.springframework.test.context.support.AbstractTestContextBootstrapper [main] Using TestExecutionListeners: [org.springframework.test.context.web.ServletTestExecutionListener@452e19ca, org.springframework.test.context.support.DirtiesContextBeforeModesTestExecutionListener@6b0d80ed, org.springframework.boot.test.mock.mockito.MockitoTestExecutionListener@6f8e8894, org.springframework.boot.test.autoconfigure.SpringBootDependencyInjectionTestExecutionListener@3cfdd820, org.springframework.test.context.support.DirtiesContextTestExecutionListener@928763c, org.springframework.test.context.transaction.TransactionalTestExecutionListener@e25951c, org.springframework.test.context.jdbc.SqlScriptsTestExecutionListener@15f47664, org.springframework.test.context.event.EventPublishingTestExecutionListener@471a9022, org.springframework.boot.test.mock.mockito.ResetMocksTestExecutionListener@dc9876b, org.springframework.boot.test.autoconfigure.restdocs.RestDocsTestExecutionListener@2f666ebb, org.springframework.boot.test.autoconfigure.web.client.MockRestServiceServerResetTestExecutionListener@19976a65, org.springframework.boot.test.autoconfigure.web.servlet.MockMvcPrintOnlyOnFailureTestExecutionListener@a1f72f5, org.springframework.boot.test.autoconfigure.web.servlet.WebDriverTestExecutionListener@4b2c5e02, org.springframework.boot.test.autoconfigure.webservices.client.MockWebServiceServerTestExecutionListener@57a3e26a]
2020-06-29 10:31:49,225 INFO org.springframework.boot.StartupInfoLogger [main] Starting DemoApplicationTests on Abdallah with PID 20096 (started by Abdallah in E:\Projects\demo\demo)
2020-06-29 10:31:49,226 INFO org.springframework.boot.SpringApplication [main] The following profiles are active: dev
2020-06-29 10:31:50,261 INFO org.springframework.data.repository.config.RepositoryConfigurationDelegate [main] Bootstrapping Spring Data JPA repositories in DEFERRED mode.
2020-06-29 10:31:50,338 INFO org.springframework.data.repository.config.RepositoryConfigurationDelegate [main] Finished Spring Data repository scanning in 66ms. Found 4 JPA repository interfaces.
2020-06-29 10:31:51,097 INFO org.springframework.scheduling.concurrent.ExecutorConfigurationSupport [main] Initializing ExecutorService 'applicationTaskExecutor'
2020-06-29 10:31:51,251 INFO org.hibernate.jpa.internal.util.LogHelper [task-1] HHH000204: Processing PersistenceUnitInfo [name: default]
2020-06-29 10:31:51,377 INFO org.hibernate.Version [task-1] HHH000412: Hibernate ORM core version 5.4.17.Final
2020-06-29 10:31:51,670 INFO org.hibernate.annotations.common.reflection.java.JavaReflectionManager [task-1] HCANN000001: Hibernate Commons Annotations {5.1.0.Final}
2020-06-29 10:31:52,184 INFO com.zaxxer.hikari.HikariDataSource [task-1] HikariPool-1 - Starting...
2020-06-29 10:31:52,361 INFO com.zaxxer.hikari.HikariDataSource [task-1] HikariPool-1 - Start completed.
2020-06-29 10:31:52,384 INFO org.hibernate.dialect.Dialect [task-1] HHH000400: Using dialect: org.hibernate.dialect.MySQL5Dialect
2020-06-29 10:31:53,224 INFO org.hibernate.engine.transaction.jta.platform.internal.JtaPlatformInitiator [task-1] HHH000490: Using JtaPlatform implementation: [org.hibernate.engine.transaction.jta.platform.internal.NoJtaPlatform]
2020-06-29 10:31:53,233 INFO org.springframework.orm.jpa.AbstractEntityManagerFactoryBean [task-1] Initialized JPA EntityManagerFactory for persistence unit 'default'
2020-06-29 10:31:53,946 WARN org.springframework.boot.autoconfigure.orm.jpa.JpaBaseConfiguration$JpaWebConfiguration [main] spring.jpa.open-in-view is enabled by default. Therefore, database queries may be performed during view rendering. Explicitly configure spring.jpa.open-in-view to disable this warning
2020-06-29 10:31:54,909 INFO org.springframework.data.repository.config.DeferredRepositoryInitializationListener [main] Triggering deferred initialization of Spring Data repositories…
2020-06-29 10:31:55,416 INFO org.springframework.data.repository.config.DeferredRepositoryInitializationListener [main] Spring Data repositories initialized!
2020-06-29 10:31:55,430 INFO org.springframework.boot.StartupInfoLogger [main] Started DemoApplicationTests in 6.557 seconds (JVM running for 7.7)
2020-06-29 10:31:55,665 INFO org.springframework.orm.jpa.AbstractEntityManagerFactoryBean [SpringContextShutdownHook] Closing JPA EntityManagerFactory for persistence unit 'default'
2020-06-29 10:31:55,669 INFO org.springframework.scheduling.concurrent.ExecutorConfigurationSupport [SpringContextShutdownHook] Shutting down ExecutorService 'applicationTaskExecutor'
2020-06-29 10:31:55,670 INFO com.zaxxer.hikari.HikariDataSource [SpringContextShutdownHook] HikariPool-1 - Shutdown initiated...
2020-06-29 10:31:55,696 INFO com.zaxxer.hikari.HikariDataSource [SpringContextShutdownHook] HikariPool-1 - Shutdown completed.
2020-06-29 10:33:25,177 INFO org.springframework.test.context.support.AbstractTestContextBootstrapper [main] Neither @ContextConfiguration nor @ContextHierarchy found for test class [com.aflaifel.assignment.demo.DemoApplicationTests], using SpringBootContextLoader
2020-06-29 10:33:25,185 INFO org.springframework.test.context.support.AbstractContextLoader [main] Could not detect default resource locations for test class [com.aflaifel.assignment.demo.DemoApplicationTests]: no resource found for suffixes {-context.xml, Context.groovy}.
2020-06-29 10:33:25,186 INFO org.springframework.test.context.support.AnnotationConfigContextLoaderUtils [main] Could not detect default configuration classes for test class [com.aflaifel.assignment.demo.DemoApplicationTests]: DemoApplicationTests does not declare any static, non-private, non-final, nested classes annotated with @Configuration.
2020-06-29 10:33:25,303 INFO org.springframework.boot.test.context.SpringBootTestContextBootstrapper [main] Found @SpringBootConfiguration com.aflaifel.assignment.demo.DemoApplication for test class com.aflaifel.assignment.demo.DemoApplicationTests
2020-06-29 10:33:25,400 INFO org.springframework.test.context.support.AbstractTestContextBootstrapper [main] Loaded default TestExecutionListener class names from location [META-INF/spring.factories]: [org.springframework.boot.test.mock.mockito.MockitoTestExecutionListener, org.springframework.boot.test.mock.mockito.ResetMocksTestExecutionListener, org.springframework.boot.test.autoconfigure.restdocs.RestDocsTestExecutionListener, org.springframework.boot.test.autoconfigure.web.client.MockRestServiceServerResetTestExecutionListener, org.springframework.boot.test.autoconfigure.web.servlet.MockMvcPrintOnlyOnFailureTestExecutionListener, org.springframework.boot.test.autoconfigure.web.servlet.WebDriverTestExecutionListener, org.springframework.boot.test.autoconfigure.webservices.client.MockWebServiceServerTestExecutionListener, org.springframework.test.context.web.ServletTestExecutionListener, org.springframework.test.context.support.DirtiesContextBeforeModesTestExecutionListener, org.springframework.test.context.support.DependencyInjectionTestExecutionListener, org.springframework.test.context.support.DirtiesContextTestExecutionListener, org.springframework.test.context.transaction.TransactionalTestExecutionListener, org.springframework.test.context.jdbc.SqlScriptsTestExecutionListener, org.springframework.test.context.event.EventPublishingTestExecutionListener]
2020-06-29 10:33:25,418 INFO org.springframework.test.context.support.AbstractTestContextBootstrapper [main] Using TestExecutionListeners: [org.springframework.test.context.web.ServletTestExecutionListener@452e19ca, org.springframework.test.context.support.DirtiesContextBeforeModesTestExecutionListener@6b0d80ed, org.springframework.boot.test.mock.mockito.MockitoTestExecutionListener@6f8e8894, org.springframework.boot.test.autoconfigure.SpringBootDependencyInjectionTestExecutionListener@3cfdd820, org.springframework.test.context.support.DirtiesContextTestExecutionListener@928763c, org.springframework.test.context.transaction.TransactionalTestExecutionListener@e25951c, org.springframework.test.context.jdbc.SqlScriptsTestExecutionListener@15f47664, org.springframework.test.context.event.EventPublishingTestExecutionListener@471a9022, org.springframework.boot.test.mock.mockito.ResetMocksTestExecutionListener@dc9876b, org.springframework.boot.test.autoconfigure.restdocs.RestDocsTestExecutionListener@2f666ebb, org.springframework.boot.test.autoconfigure.web.client.MockRestServiceServerResetTestExecutionListener@19976a65, org.springframework.boot.test.autoconfigure.web.servlet.MockMvcPrintOnlyOnFailureTestExecutionListener@a1f72f5, org.springframework.boot.test.autoconfigure.web.servlet.WebDriverTestExecutionListener@4b2c5e02, org.springframework.boot.test.autoconfigure.webservices.client.MockWebServiceServerTestExecutionListener@57a3e26a]
2020-06-29 10:33:25,817 INFO org.springframework.boot.StartupInfoLogger [main] Starting DemoApplicationTests on Abdallah with PID 10268 (started by Abdallah in E:\Projects\demo\demo)
2020-06-29 10:33:25,818 INFO org.springframework.boot.SpringApplication [main] The following profiles are active: dev
2020-06-29 10:33:26,731 INFO org.springframework.data.repository.config.RepositoryConfigurationDelegate [main] Bootstrapping Spring Data JPA repositories in DEFERRED mode.
2020-06-29 10:33:26,802 INFO org.springframework.data.repository.config.RepositoryConfigurationDelegate [main] Finished Spring Data repository scanning in 62ms. Found 4 JPA repository interfaces.
2020-06-29 10:33:27,541 INFO org.springframework.scheduling.concurrent.ExecutorConfigurationSupport [main] Initializing ExecutorService 'applicationTaskExecutor'
2020-06-29 10:33:27,651 INFO org.hibernate.jpa.internal.util.LogHelper [task-1] HHH000204: Processing PersistenceUnitInfo [name: default]
2020-06-29 10:33:27,720 INFO org.hibernate.Version [task-1] HHH000412: Hibernate ORM core version 5.4.17.Final
2020-06-29 10:33:27,947 INFO org.hibernate.annotations.common.reflection.java.JavaReflectionManager [task-1] HCANN000001: Hibernate Commons Annotations {5.1.0.Final}
2020-06-29 10:33:28,447 INFO com.zaxxer.hikari.HikariDataSource [task-1] HikariPool-1 - Starting...
2020-06-29 10:33:28,723 INFO com.zaxxer.hikari.HikariDataSource [task-1] HikariPool-1 - Start completed.
2020-06-29 10:33:28,743 INFO org.hibernate.dialect.Dialect [task-1] HHH000400: Using dialect: org.hibernate.dialect.MySQL5Dialect
2020-06-29 10:33:29,588 INFO org.hibernate.engine.transaction.jta.platform.internal.JtaPlatformInitiator [task-1] HHH000490: Using JtaPlatform implementation: [org.hibernate.engine.transaction.jta.platform.internal.NoJtaPlatform]
2020-06-29 10:33:29,596 INFO org.springframework.orm.jpa.AbstractEntityManagerFactoryBean [task-1] Initialized JPA EntityManagerFactory for persistence unit 'default'
2020-06-29 10:33:30,331 WARN org.springframework.boot.autoconfigure.orm.jpa.JpaBaseConfiguration$JpaWebConfiguration [main] spring.jpa.open-in-view is enabled by default. Therefore, database queries may be performed during view rendering. Explicitly configure spring.jpa.open-in-view to disable this warning
2020-06-29 10:33:31,303 INFO org.springframework.data.repository.config.DeferredRepositoryInitializationListener [main] Triggering deferred initialization of Spring Data repositories…
2020-06-29 10:33:31,768 INFO org.springframework.data.repository.config.DeferredRepositoryInitializationListener [main] Spring Data repositories initialized!
2020-06-29 10:33:31,781 INFO org.springframework.boot.StartupInfoLogger [main] Started DemoApplicationTests in 6.322 seconds (JVM running for 7.528)
2020-06-29 10:33:32,025 INFO org.springframework.orm.jpa.AbstractEntityManagerFactoryBean [SpringContextShutdownHook] Closing JPA EntityManagerFactory for persistence unit 'default'
2020-06-29 10:33:32,028 INFO org.springframework.scheduling.concurrent.ExecutorConfigurationSupport [SpringContextShutdownHook] Shutting down ExecutorService 'applicationTaskExecutor'
2020-06-29 10:33:32,030 INFO com.zaxxer.hikari.HikariDataSource [SpringContextShutdownHook] HikariPool-1 - Shutdown initiated...
2020-06-29 10:33:32,053 INFO com.zaxxer.hikari.HikariDataSource [SpringContextShutdownHook] HikariPool-1 - Shutdown completed.
2020-06-29 10:34:38,136 INFO org.springframework.test.context.support.AbstractTestContextBootstrapper [main] Neither @ContextConfiguration nor @ContextHierarchy found for test class [com.aflaifel.assignment.demo.DemoApplicationTests], using SpringBootContextLoader
2020-06-29 10:34:38,143 INFO org.springframework.test.context.support.AbstractContextLoader [main] Could not detect default resource locations for test class [com.aflaifel.assignment.demo.DemoApplicationTests]: no resource found for suffixes {-context.xml, Context.groovy}.
2020-06-29 10:34:38,144 INFO org.springframework.test.context.support.AnnotationConfigContextLoaderUtils [main] Could not detect default configuration classes for test class [com.aflaifel.assignment.demo.DemoApplicationTests]: DemoApplicationTests does not declare any static, non-private, non-final, nested classes annotated with @Configuration.
2020-06-29 10:34:38,259 INFO org.springframework.boot.test.context.SpringBootTestContextBootstrapper [main] Found @SpringBootConfiguration com.aflaifel.assignment.demo.DemoApplication for test class com.aflaifel.assignment.demo.DemoApplicationTests
2020-06-29 10:34:38,359 INFO org.springframework.test.context.support.AbstractTestContextBootstrapper [main] Loaded default TestExecutionListener class names from location [META-INF/spring.factories]: [org.springframework.boot.test.mock.mockito.MockitoTestExecutionListener, org.springframework.boot.test.mock.mockito.ResetMocksTestExecutionListener, org.springframework.boot.test.autoconfigure.restdocs.RestDocsTestExecutionListener, org.springframework.boot.test.autoconfigure.web.client.MockRestServiceServerResetTestExecutionListener, org.springframework.boot.test.autoconfigure.web.servlet.MockMvcPrintOnlyOnFailureTestExecutionListener, org.springframework.boot.test.autoconfigure.web.servlet.WebDriverTestExecutionListener, org.springframework.boot.test.autoconfigure.webservices.client.MockWebServiceServerTestExecutionListener, org.springframework.test.context.web.ServletTestExecutionListener, org.springframework.test.context.support.DirtiesContextBeforeModesTestExecutionListener, org.springframework.test.context.support.DependencyInjectionTestExecutionListener, org.springframework.test.context.support.DirtiesContextTestExecutionListener, org.springframework.test.context.transaction.TransactionalTestExecutionListener, org.springframework.test.context.jdbc.SqlScriptsTestExecutionListener, org.springframework.test.context.event.EventPublishingTestExecutionListener]
2020-06-29 10:34:38,386 INFO org.springframework.test.context.support.AbstractTestContextBootstrapper [main] Using TestExecutionListeners: [org.springframework.test.context.web.ServletTestExecutionListener@452e19ca, org.springframework.test.context.support.DirtiesContextBeforeModesTestExecutionListener@6b0d80ed, org.springframework.boot.test.mock.mockito.MockitoTestExecutionListener@6f8e8894, org.springframework.boot.test.autoconfigure.SpringBootDependencyInjectionTestExecutionListener@3cfdd820, org.springframework.test.context.support.DirtiesContextTestExecutionListener@928763c, org.springframework.test.context.transaction.TransactionalTestExecutionListener@e25951c, org.springframework.test.context.jdbc.SqlScriptsTestExecutionListener@15f47664, org.springframework.test.context.event.EventPublishingTestExecutionListener@471a9022, org.springframework.boot.test.mock.mockito.ResetMocksTestExecutionListener@dc9876b, org.springframework.boot.test.autoconfigure.restdocs.RestDocsTestExecutionListener@2f666ebb, org.springframework.boot.test.autoconfigure.web.client.MockRestServiceServerResetTestExecutionListener@19976a65, org.springframework.boot.test.autoconfigure.web.servlet.MockMvcPrintOnlyOnFailureTestExecutionListener@a1f72f5, org.springframework.boot.test.autoconfigure.web.servlet.WebDriverTestExecutionListener@4b2c5e02, org.springframework.boot.test.autoconfigure.webservices.client.MockWebServiceServerTestExecutionListener@57a3e26a]
2020-06-29 10:34:38,813 INFO org.springframework.boot.StartupInfoLogger [main] Starting DemoApplicationTests on Abdallah with PID 9640 (started by Abdallah in E:\Projects\demo\demo)
2020-06-29 10:34:38,813 INFO org.springframework.boot.SpringApplication [main] The following profiles are active: dev
2020-06-29 10:34:39,683 INFO org.springframework.data.repository.config.RepositoryConfigurationDelegate [main] Bootstrapping Spring Data JPA repositories in DEFERRED mode.
2020-06-29 10:34:39,761 INFO org.springframework.data.repository.config.RepositoryConfigurationDelegate [main] Finished Spring Data repository scanning in 68ms. Found 4 JPA repository interfaces.
2020-06-29 10:34:40,755 INFO org.springframework.scheduling.concurrent.ExecutorConfigurationSupport [main] Initializing ExecutorService 'applicationTaskExecutor'
2020-06-29 10:34:40,843 INFO org.hibernate.jpa.internal.util.LogHelper [task-1] HHH000204: Processing PersistenceUnitInfo [name: default]
2020-06-29 10:34:41,040 INFO org.hibernate.Version [task-1] HHH000412: Hibernate ORM core version 5.4.17.Final
2020-06-29 10:34:41,359 INFO org.hibernate.annotations.common.reflection.java.JavaReflectionManager [task-1] HCANN000001: Hibernate Commons Annotations {5.1.0.Final}
2020-06-29 10:34:42,139 INFO com.zaxxer.hikari.HikariDataSource [task-1] HikariPool-1 - Starting...
2020-06-29 10:34:42,415 INFO com.zaxxer.hikari.HikariDataSource [task-1] HikariPool-1 - Start completed.
2020-06-29 10:34:42,447 INFO org.hibernate.dialect.Dialect [task-1] HHH000400: Using dialect: org.hibernate.dialect.MySQL5Dialect
2020-06-29 10:34:43,524 INFO org.hibernate.engine.transaction.jta.platform.internal.JtaPlatformInitiator [task-1] HHH000490: Using JtaPlatform implementation: [org.hibernate.engine.transaction.jta.platform.internal.NoJtaPlatform]
2020-06-29 10:34:43,534 INFO org.springframework.orm.jpa.AbstractEntityManagerFactoryBean [task-1] Initialized JPA EntityManagerFactory for persistence unit 'default'
2020-06-29 10:34:44,666 WARN org.springframework.boot.autoconfigure.orm.jpa.JpaBaseConfiguration$JpaWebConfiguration [main] spring.jpa.open-in-view is enabled by default. Therefore, database queries may be performed during view rendering. Explicitly configure spring.jpa.open-in-view to disable this warning
2020-06-29 10:34:45,666 INFO org.springframework.data.repository.config.DeferredRepositoryInitializationListener [main] Triggering deferred initialization of Spring Data repositories…
2020-06-29 10:34:46,111 INFO org.springframework.data.repository.config.DeferredRepositoryInitializationListener [main] Spring Data repositories initialized!
2020-06-29 10:34:46,122 INFO org.springframework.boot.StartupInfoLogger [main] Started DemoApplicationTests in 7.696 seconds (JVM running for 8.758)
2020-06-29 10:34:46,298 INFO org.springframework.orm.jpa.AbstractEntityManagerFactoryBean [SpringContextShutdownHook] Closing JPA EntityManagerFactory for persistence unit 'default'
2020-06-29 10:34:46,301 INFO org.springframework.scheduling.concurrent.ExecutorConfigurationSupport [SpringContextShutdownHook] Shutting down ExecutorService 'applicationTaskExecutor'
2020-06-29 10:34:46,302 INFO com.zaxxer.hikari.HikariDataSource [SpringContextShutdownHook] HikariPool-1 - Shutdown initiated...
2020-06-29 10:34:46,324 INFO com.zaxxer.hikari.HikariDataSource [SpringContextShutdownHook] HikariPool-1 - Shutdown completed.
2020-06-29 10:48:48,607 INFO org.springframework.test.context.support.AbstractTestContextBootstrapper [main] Neither @ContextConfiguration nor @ContextHierarchy found for test class [com.aflaifel.assignment.demo.DemoApplicationTests], using SpringBootContextLoader
2020-06-29 10:48:48,613 INFO org.springframework.test.context.support.AbstractContextLoader [main] Could not detect default resource locations for test class [com.aflaifel.assignment.demo.DemoApplicationTests]: no resource found for suffixes {-context.xml, Context.groovy}.
2020-06-29 10:48:48,614 INFO org.springframework.test.context.support.AnnotationConfigContextLoaderUtils [main] Could not detect default configuration classes for test class [com.aflaifel.assignment.demo.DemoApplicationTests]: DemoApplicationTests does not declare any static, non-private, non-final, nested classes annotated with @Configuration.
2020-06-29 10:48:48,770 INFO org.springframework.boot.test.context.SpringBootTestContextBootstrapper [main] Found @SpringBootConfiguration com.aflaifel.assignment.demo.DemoApplication for test class com.aflaifel.assignment.demo.DemoApplicationTests
2020-06-29 10:48:48,865 INFO org.springframework.test.context.support.AbstractTestContextBootstrapper [main] Loaded default TestExecutionListener class names from location [META-INF/spring.factories]: [org.springframework.boot.test.mock.mockito.MockitoTestExecutionListener, org.springframework.boot.test.mock.mockito.ResetMocksTestExecutionListener, org.springframework.boot.test.autoconfigure.restdocs.RestDocsTestExecutionListener, org.springframework.boot.test.autoconfigure.web.client.MockRestServiceServerResetTestExecutionListener, org.springframework.boot.test.autoconfigure.web.servlet.MockMvcPrintOnlyOnFailureTestExecutionListener, org.springframework.boot.test.autoconfigure.web.servlet.WebDriverTestExecutionListener, org.springframework.boot.test.autoconfigure.webservices.client.MockWebServiceServerTestExecutionListener, org.springframework.test.context.web.ServletTestExecutionListener, org.springframework.test.context.support.DirtiesContextBeforeModesTestExecutionListener, org.springframework.test.context.support.DependencyInjectionTestExecutionListener, org.springframework.test.context.support.DirtiesContextTestExecutionListener, org.springframework.test.context.transaction.TransactionalTestExecutionListener, org.springframework.test.context.jdbc.SqlScriptsTestExecutionListener, org.springframework.test.context.event.EventPublishingTestExecutionListener]
2020-06-29 10:48:48,883 INFO org.springframework.test.context.support.AbstractTestContextBootstrapper [main] Using TestExecutionListeners: [org.springframework.test.context.web.ServletTestExecutionListener@452e19ca, org.springframework.test.context.support.DirtiesContextBeforeModesTestExecutionListener@6b0d80ed, org.springframework.boot.test.mock.mockito.MockitoTestExecutionListener@6f8e8894, org.springframework.boot.test.autoconfigure.SpringBootDependencyInjectionTestExecutionListener@3cfdd820, org.springframework.test.context.support.DirtiesContextTestExecutionListener@928763c, org.springframework.test.context.transaction.TransactionalTestExecutionListener@e25951c, org.springframework.test.context.jdbc.SqlScriptsTestExecutionListener@15f47664, org.springframework.test.context.event.EventPublishingTestExecutionListener@471a9022, org.springframework.boot.test.mock.mockito.ResetMocksTestExecutionListener@dc9876b, org.springframework.boot.test.autoconfigure.restdocs.RestDocsTestExecutionListener@2f666ebb, org.springframework.boot.test.autoconfigure.web.client.MockRestServiceServerResetTestExecutionListener@19976a65, org.springframework.boot.test.autoconfigure.web.servlet.MockMvcPrintOnlyOnFailureTestExecutionListener@a1f72f5, org.springframework.boot.test.autoconfigure.web.servlet.WebDriverTestExecutionListener@4b2c5e02, org.springframework.boot.test.autoconfigure.webservices.client.MockWebServiceServerTestExecutionListener@57a3e26a]
2020-06-29 10:48:49,329 INFO org.springframework.boot.StartupInfoLogger [main] Starting DemoApplicationTests on Abdallah with PID 20028 (started by Abdallah in E:\Projects\demo\demo)
2020-06-29 10:48:49,330 INFO org.springframework.boot.SpringApplication [main] The following profiles are active: dev
2020-06-29 10:48:50,165 INFO org.springframework.data.repository.config.RepositoryConfigurationDelegate [main] Bootstrapping Spring Data JPA repositories in DEFERRED mode.
2020-06-29 10:48:50,228 INFO org.springframework.data.repository.config.RepositoryConfigurationDelegate [main] Finished Spring Data repository scanning in 55ms. Found 4 JPA repository interfaces.
2020-06-29 10:48:50,955 INFO org.springframework.scheduling.concurrent.ExecutorConfigurationSupport [main] Initializing ExecutorService 'applicationTaskExecutor'
2020-06-29 10:48:51,066 INFO org.hibernate.jpa.internal.util.LogHelper [task-1] HHH000204: Processing PersistenceUnitInfo [name: default]
2020-06-29 10:48:51,137 INFO org.hibernate.Version [task-1] HHH000412: Hibernate ORM core version 5.4.17.Final
2020-06-29 10:48:51,384 INFO org.hibernate.annotations.common.reflection.java.JavaReflectionManager [task-1] HCANN000001: Hibernate Commons Annotations {5.1.0.Final}
2020-06-29 10:48:51,916 INFO com.zaxxer.hikari.HikariDataSource [task-1] HikariPool-1 - Starting...
2020-06-29 10:48:52,110 INFO com.zaxxer.hikari.HikariDataSource [task-1] HikariPool-1 - Start completed.
2020-06-29 10:48:52,126 INFO org.hibernate.dialect.Dialect [task-1] HHH000400: Using dialect: org.hibernate.dialect.MySQL5Dialect
2020-06-29 10:48:53,045 INFO org.hibernate.engine.transaction.jta.platform.internal.JtaPlatformInitiator [task-1] HHH000490: Using JtaPlatform implementation: [org.hibernate.engine.transaction.jta.platform.internal.NoJtaPlatform]
2020-06-29 10:48:53,052 INFO org.springframework.orm.jpa.AbstractEntityManagerFactoryBean [task-1] Initialized JPA EntityManagerFactory for persistence unit 'default'
2020-06-29 10:48:53,766 WARN org.springframework.boot.autoconfigure.orm.jpa.JpaBaseConfiguration$JpaWebConfiguration [main] spring.jpa.open-in-view is enabled by default. Therefore, database queries may be performed during view rendering. Explicitly configure spring.jpa.open-in-view to disable this warning
2020-06-29 10:48:54,587 INFO org.springframework.data.repository.config.DeferredRepositoryInitializationListener [main] Triggering deferred initialization of Spring Data repositories…
2020-06-29 10:48:54,985 INFO org.springframework.data.repository.config.DeferredRepositoryInitializationListener [main] Spring Data repositories initialized!
2020-06-29 10:48:54,998 INFO org.springframework.boot.StartupInfoLogger [main] Started DemoApplicationTests in 6.068 seconds (JVM running for 7.2)
2020-06-29 10:48:55,210 INFO org.springframework.orm.jpa.AbstractEntityManagerFactoryBean [SpringContextShutdownHook] Closing JPA EntityManagerFactory for persistence unit 'default'
2020-06-29 10:48:55,213 INFO org.springframework.scheduling.concurrent.ExecutorConfigurationSupport [SpringContextShutdownHook] Shutting down ExecutorService 'applicationTaskExecutor'
2020-06-29 10:48:55,214 INFO com.zaxxer.hikari.HikariDataSource [SpringContextShutdownHook] HikariPool-1 - Shutdown initiated...
2020-06-29 10:48:55,232 INFO com.zaxxer.hikari.HikariDataSource [SpringContextShutdownHook] HikariPool-1 - Shutdown completed.
2020-06-29 12:36:45,286 INFO org.springframework.test.context.support.AbstractTestContextBootstrapper [main] Neither @ContextConfiguration nor @ContextHierarchy found for test class [com.aflaifel.assignment.demo.DemoApplicationTests], using SpringBootContextLoader
2020-06-29 12:36:45,294 INFO org.springframework.test.context.support.AbstractContextLoader [main] Could not detect default resource locations for test class [com.aflaifel.assignment.demo.DemoApplicationTests]: no resource found for suffixes {-context.xml, Context.groovy}.
2020-06-29 12:36:45,296 INFO org.springframework.test.context.support.AnnotationConfigContextLoaderUtils [main] Could not detect default configuration classes for test class [com.aflaifel.assignment.demo.DemoApplicationTests]: DemoApplicationTests does not declare any static, non-private, non-final, nested classes annotated with @Configuration.
2020-06-29 12:36:45,488 INFO org.springframework.boot.test.context.SpringBootTestContextBootstrapper [main] Found @SpringBootConfiguration com.aflaifel.assignment.demo.DemoApplication for test class com.aflaifel.assignment.demo.DemoApplicationTests
2020-06-29 12:36:45,617 INFO org.springframework.test.context.support.AbstractTestContextBootstrapper [main] Loaded default TestExecutionListener class names from location [META-INF/spring.factories]: [org.springframework.boot.test.mock.mockito.MockitoTestExecutionListener, org.springframework.boot.test.mock.mockito.ResetMocksTestExecutionListener, org.springframework.boot.test.autoconfigure.restdocs.RestDocsTestExecutionListener, org.springframework.boot.test.autoconfigure.web.client.MockRestServiceServerResetTestExecutionListener, org.springframework.boot.test.autoconfigure.web.servlet.MockMvcPrintOnlyOnFailureTestExecutionListener, org.springframework.boot.test.autoconfigure.web.servlet.WebDriverTestExecutionListener, org.springframework.boot.test.autoconfigure.webservices.client.MockWebServiceServerTestExecutionListener, org.springframework.test.context.web.ServletTestExecutionListener, org.springframework.test.context.support.DirtiesContextBeforeModesTestExecutionListener, org.springframework.test.context.support.DependencyInjectionTestExecutionListener, org.springframework.test.context.support.DirtiesContextTestExecutionListener, org.springframework.test.context.transaction.TransactionalTestExecutionListener, org.springframework.test.context.jdbc.SqlScriptsTestExecutionListener, org.springframework.test.context.event.EventPublishingTestExecutionListener]
2020-06-29 12:36:45,639 INFO org.springframework.test.context.support.AbstractTestContextBootstrapper [main] Using TestExecutionListeners: [org.springframework.test.context.web.ServletTestExecutionListener@452e19ca, org.springframework.test.context.support.DirtiesContextBeforeModesTestExecutionListener@6b0d80ed, org.springframework.boot.test.mock.mockito.MockitoTestExecutionListener@6f8e8894, org.springframework.boot.test.autoconfigure.SpringBootDependencyInjectionTestExecutionListener@3cfdd820, org.springframework.test.context.support.DirtiesContextTestExecutionListener@928763c, org.springframework.test.context.transaction.TransactionalTestExecutionListener@e25951c, org.springframework.test.context.jdbc.SqlScriptsTestExecutionListener@15f47664, org.springframework.test.context.event.EventPublishingTestExecutionListener@471a9022, org.springframework.boot.test.mock.mockito.ResetMocksTestExecutionListener@dc9876b, org.springframework.boot.test.autoconfigure.restdocs.RestDocsTestExecutionListener@2f666ebb, org.springframework.boot.test.autoconfigure.web.client.MockRestServiceServerResetTestExecutionListener@19976a65, org.springframework.boot.test.autoconfigure.web.servlet.MockMvcPrintOnlyOnFailureTestExecutionListener@a1f72f5, org.springframework.boot.test.autoconfigure.web.servlet.WebDriverTestExecutionListener@4b2c5e02, org.springframework.boot.test.autoconfigure.webservices.client.MockWebServiceServerTestExecutionListener@57a3e26a]
2020-06-29 12:36:46,164 INFO org.springframework.boot.StartupInfoLogger [main] Starting DemoApplicationTests on Abdallah with PID 11172 (started by Abdallah in E:\Projects\demo\demo)
2020-06-29 12:36:46,165 INFO org.springframework.boot.SpringApplication [main] The following profiles are active: dev
2020-06-29 12:36:47,438 INFO org.springframework.data.repository.config.RepositoryConfigurationDelegate [main] Bootstrapping Spring Data JPA repositories in DEFERRED mode.
2020-06-29 12:36:47,529 INFO org.springframework.data.repository.config.RepositoryConfigurationDelegate [main] Finished Spring Data repository scanning in 76ms. Found 4 JPA repository interfaces.
2020-06-29 12:36:48,388 INFO org.springframework.scheduling.concurrent.ExecutorConfigurationSupport [main] Initializing ExecutorService 'applicationTaskExecutor'
2020-06-29 12:36:48,545 INFO org.hibernate.jpa.internal.util.LogHelper [task-1] HHH000204: Processing PersistenceUnitInfo [name: default]
2020-06-29 12:36:48,618 INFO org.hibernate.Version [task-1] HHH000412: Hibernate ORM core version 5.4.17.Final
2020-06-29 12:36:48,877 INFO org.hibernate.annotations.common.reflection.java.JavaReflectionManager [task-1] HCANN000001: Hibernate Commons Annotations {5.1.0.Final}
2020-06-29 12:36:49,646 INFO com.zaxxer.hikari.HikariDataSource [task-1] HikariPool-1 - Starting...
2020-06-29 12:36:49,946 INFO com.zaxxer.hikari.HikariDataSource [task-1] HikariPool-1 - Start completed.
2020-06-29 12:36:49,983 INFO org.hibernate.dialect.Dialect [task-1] HHH000400: Using dialect: org.hibernate.dialect.MySQL5Dialect
2020-06-29 12:36:51,125 INFO org.hibernate.engine.transaction.jta.platform.internal.JtaPlatformInitiator [task-1] HHH000490: Using JtaPlatform implementation: [org.hibernate.engine.transaction.jta.platform.internal.NoJtaPlatform]
2020-06-29 12:36:51,135 INFO org.springframework.orm.jpa.AbstractEntityManagerFactoryBean [task-1] Initialized JPA EntityManagerFactory for persistence unit 'default'
2020-06-29 12:36:52,059 WARN org.springframework.boot.autoconfigure.orm.jpa.JpaBaseConfiguration$JpaWebConfiguration [main] spring.jpa.open-in-view is enabled by default. Therefore, database queries may be performed during view rendering. Explicitly configure spring.jpa.open-in-view to disable this warning
2020-06-29 12:36:52,967 INFO org.springframework.data.repository.config.DeferredRepositoryInitializationListener [main] Triggering deferred initialization of Spring Data repositories…
2020-06-29 12:36:53,500 INFO org.springframework.data.repository.config.DeferredRepositoryInitializationListener [main] Spring Data repositories initialized!
2020-06-29 12:36:53,512 INFO org.springframework.boot.StartupInfoLogger [main] Started DemoApplicationTests in 7.821 seconds (JVM running for 9.556)
2020-06-29 12:36:53,706 INFO org.springframework.orm.jpa.AbstractEntityManagerFactoryBean [SpringContextShutdownHook] Closing JPA EntityManagerFactory for persistence unit 'default'
2020-06-29 12:36:53,709 INFO org.springframework.scheduling.concurrent.ExecutorConfigurationSupport [SpringContextShutdownHook] Shutting down ExecutorService 'applicationTaskExecutor'
2020-06-29 12:36:53,711 INFO com.zaxxer.hikari.HikariDataSource [SpringContextShutdownHook] HikariPool-1 - Shutdown initiated...
2020-06-29 12:36:53,728 INFO com.zaxxer.hikari.HikariDataSource [SpringContextShutdownHook] HikariPool-1 - Shutdown completed.
2020-06-29 12:39:21,434 INFO org.springframework.test.context.support.AbstractTestContextBootstrapper [main] Neither @ContextConfiguration nor @ContextHierarchy found for test class [com.aflaifel.assignment.demo.DemoApplicationTests], using SpringBootContextLoader
2020-06-29 12:39:21,441 INFO org.springframework.test.context.support.AbstractContextLoader [main] Could not detect default resource locations for test class [com.aflaifel.assignment.demo.DemoApplicationTests]: no resource found for suffixes {-context.xml, Context.groovy}.
2020-06-29 12:39:21,442 INFO org.springframework.test.context.support.AnnotationConfigContextLoaderUtils [main] Could not detect default configuration classes for test class [com.aflaifel.assignment.demo.DemoApplicationTests]: DemoApplicationTests does not declare any static, non-private, non-final, nested classes annotated with @Configuration.
2020-06-29 12:39:21,571 INFO org.springframework.boot.test.context.SpringBootTestContextBootstrapper [main] Found @SpringBootConfiguration com.aflaifel.assignment.demo.DemoApplication for test class com.aflaifel.assignment.demo.DemoApplicationTests
2020-06-29 12:39:21,664 INFO org.springframework.test.context.support.AbstractTestContextBootstrapper [main] Loaded default TestExecutionListener class names from location [META-INF/spring.factories]: [org.springframework.boot.test.mock.mockito.MockitoTestExecutionListener, org.springframework.boot.test.mock.mockito.ResetMocksTestExecutionListener, org.springframework.boot.test.autoconfigure.restdocs.RestDocsTestExecutionListener, org.springframework.boot.test.autoconfigure.web.client.MockRestServiceServerResetTestExecutionListener, org.springframework.boot.test.autoconfigure.web.servlet.MockMvcPrintOnlyOnFailureTestExecutionListener, org.springframework.boot.test.autoconfigure.web.servlet.WebDriverTestExecutionListener, org.springframework.boot.test.autoconfigure.webservices.client.MockWebServiceServerTestExecutionListener, org.springframework.test.context.web.ServletTestExecutionListener, org.springframework.test.context.support.DirtiesContextBeforeModesTestExecutionListener, org.springframework.test.context.support.DependencyInjectionTestExecutionListener, org.springframework.test.context.support.DirtiesContextTestExecutionListener, org.springframework.test.context.transaction.TransactionalTestExecutionListener, org.springframework.test.context.jdbc.SqlScriptsTestExecutionListener, org.springframework.test.context.event.EventPublishingTestExecutionListener]
2020-06-29 12:39:21,681 INFO org.springframework.test.context.support.AbstractTestContextBootstrapper [main] Using TestExecutionListeners: [org.springframework.test.context.web.ServletTestExecutionListener@452e19ca, org.springframework.test.context.support.DirtiesContextBeforeModesTestExecutionListener@6b0d80ed, org.springframework.boot.test.mock.mockito.MockitoTestExecutionListener@6f8e8894, org.springframework.boot.test.autoconfigure.SpringBootDependencyInjectionTestExecutionListener@3cfdd820, org.springframework.test.context.support.DirtiesContextTestExecutionListener@928763c, org.springframework.test.context.transaction.TransactionalTestExecutionListener@e25951c, org.springframework.test.context.jdbc.SqlScriptsTestExecutionListener@15f47664, org.springframework.test.context.event.EventPublishingTestExecutionListener@471a9022, org.springframework.boot.test.mock.mockito.ResetMocksTestExecutionListener@dc9876b, org.springframework.boot.test.autoconfigure.restdocs.RestDocsTestExecutionListener@2f666ebb, org.springframework.boot.test.autoconfigure.web.client.MockRestServiceServerResetTestExecutionListener@19976a65, org.springframework.boot.test.autoconfigure.web.servlet.MockMvcPrintOnlyOnFailureTestExecutionListener@a1f72f5, org.springframework.boot.test.autoconfigure.web.servlet.WebDriverTestExecutionListener@4b2c5e02, org.springframework.boot.test.autoconfigure.webservices.client.MockWebServiceServerTestExecutionListener@57a3e26a]
2020-06-29 12:39:22,074 INFO org.springframework.boot.StartupInfoLogger [main] Starting DemoApplicationTests on Abdallah with PID 19380 (started by Abdallah in E:\Projects\demo\demo)
2020-06-29 12:39:22,075 INFO org.springframework.boot.SpringApplication [main] The following profiles are active: dev
2020-06-29 12:39:22,957 INFO org.springframework.data.repository.config.RepositoryConfigurationDelegate [main] Bootstrapping Spring Data JPA repositories in DEFERRED mode.
2020-06-29 12:39:23,028 INFO org.springframework.data.repository.config.RepositoryConfigurationDelegate [main] Finished Spring Data repository scanning in 61ms. Found 4 JPA repository interfaces.
2020-06-29 12:39:23,780 INFO org.springframework.scheduling.concurrent.ExecutorConfigurationSupport [main] Initializing ExecutorService 'applicationTaskExecutor'
2020-06-29 12:39:23,890 INFO org.hibernate.jpa.internal.util.LogHelper [task-1] HHH000204: Processing PersistenceUnitInfo [name: default]
2020-06-29 12:39:23,960 INFO org.hibernate.Version [task-1] HHH000412: Hibernate ORM core version 5.4.17.Final
2020-06-29 12:39:24,185 INFO org.hibernate.annotations.common.reflection.java.JavaReflectionManager [task-1] HCANN000001: Hibernate Commons Annotations {5.1.0.Final}
2020-06-29 12:39:24,715 INFO com.zaxxer.hikari.HikariDataSource [task-1] HikariPool-1 - Starting...
2020-06-29 12:39:24,938 INFO com.zaxxer.hikari.HikariDataSource [task-1] HikariPool-1 - Start completed.
2020-06-29 12:39:24,959 INFO org.hibernate.dialect.Dialect [task-1] HHH000400: Using dialect: org.hibernate.dialect.MySQL5Dialect
2020-06-29 12:39:25,843 INFO org.hibernate.engine.transaction.jta.platform.internal.JtaPlatformInitiator [task-1] HHH000490: Using JtaPlatform implementation: [org.hibernate.engine.transaction.jta.platform.internal.NoJtaPlatform]
2020-06-29 12:39:25,850 INFO org.springframework.orm.jpa.AbstractEntityManagerFactoryBean [task-1] Initialized JPA EntityManagerFactory for persistence unit 'default'
2020-06-29 12:39:26,521 WARN org.springframework.boot.autoconfigure.orm.jpa.JpaBaseConfiguration$JpaWebConfiguration [main] spring.jpa.open-in-view is enabled by default. Therefore, database queries may be performed during view rendering. Explicitly configure spring.jpa.open-in-view to disable this warning
2020-06-29 12:39:27,363 INFO org.springframework.data.repository.config.DeferredRepositoryInitializationListener [main] Triggering deferred initialization of Spring Data repositories…
2020-06-29 12:39:27,780 INFO org.springframework.data.repository.config.DeferredRepositoryInitializationListener [main] Spring Data repositories initialized!
2020-06-29 12:39:27,792 INFO org.springframework.boot.StartupInfoLogger [main] Started DemoApplicationTests in 6.072 seconds (JVM running for 7.156)
2020-06-29 12:39:28,005 INFO org.springframework.orm.jpa.AbstractEntityManagerFactoryBean [SpringContextShutdownHook] Closing JPA EntityManagerFactory for persistence unit 'default'
2020-06-29 12:39:28,009 INFO org.springframework.scheduling.concurrent.ExecutorConfigurationSupport [SpringContextShutdownHook] Shutting down ExecutorService 'applicationTaskExecutor'
2020-06-29 12:39:28,011 INFO com.zaxxer.hikari.HikariDataSource [SpringContextShutdownHook] HikariPool-1 - Shutdown initiated...
2020-06-29 12:39:28,035 INFO com.zaxxer.hikari.HikariDataSource [SpringContextShutdownHook] HikariPool-1 - Shutdown completed.
2020-06-29 12:40:15,902 INFO org.springframework.test.context.support.AbstractTestContextBootstrapper [main] Neither @ContextConfiguration nor @ContextHierarchy found for test class [com.aflaifel.assignment.demo.DemoApplicationTests], using SpringBootContextLoader
2020-06-29 12:40:15,909 INFO org.springframework.test.context.support.AbstractContextLoader [main] Could not detect default resource locations for test class [com.aflaifel.assignment.demo.DemoApplicationTests]: no resource found for suffixes {-context.xml, Context.groovy}.
2020-06-29 12:40:15,910 INFO org.springframework.test.context.support.AnnotationConfigContextLoaderUtils [main] Could not detect default configuration classes for test class [com.aflaifel.assignment.demo.DemoApplicationTests]: DemoApplicationTests does not declare any static, non-private, non-final, nested classes annotated with @Configuration.
2020-06-29 12:40:16,068 INFO org.springframework.boot.test.context.SpringBootTestContextBootstrapper [main] Found @SpringBootConfiguration com.aflaifel.assignment.demo.DemoApplication for test class com.aflaifel.assignment.demo.DemoApplicationTests
2020-06-29 12:40:16,187 INFO org.springframework.test.context.support.AbstractTestContextBootstrapper [main] Loaded default TestExecutionListener class names from location [META-INF/spring.factories]: [org.springframework.boot.test.mock.mockito.MockitoTestExecutionListener, org.springframework.boot.test.mock.mockito.ResetMocksTestExecutionListener, org.springframework.boot.test.autoconfigure.restdocs.RestDocsTestExecutionListener, org.springframework.boot.test.autoconfigure.web.client.MockRestServiceServerResetTestExecutionListener, org.springframework.boot.test.autoconfigure.web.servlet.MockMvcPrintOnlyOnFailureTestExecutionListener, org.springframework.boot.test.autoconfigure.web.servlet.WebDriverTestExecutionListener, org.springframework.boot.test.autoconfigure.webservices.client.MockWebServiceServerTestExecutionListener, org.springframework.test.context.web.ServletTestExecutionListener, org.springframework.test.context.support.DirtiesContextBeforeModesTestExecutionListener, org.springframework.test.context.support.DependencyInjectionTestExecutionListener, org.springframework.test.context.support.DirtiesContextTestExecutionListener, org.springframework.test.context.transaction.TransactionalTestExecutionListener, org.springframework.test.context.jdbc.SqlScriptsTestExecutionListener, org.springframework.test.context.event.EventPublishingTestExecutionListener]
2020-06-29 12:40:16,210 INFO org.springframework.test.context.support.AbstractTestContextBootstrapper [main] Using TestExecutionListeners: [org.springframework.test.context.web.ServletTestExecutionListener@452e19ca, org.springframework.test.context.support.DirtiesContextBeforeModesTestExecutionListener@6b0d80ed, org.springframework.boot.test.mock.mockito.MockitoTestExecutionListener@6f8e8894, org.springframework.boot.test.autoconfigure.SpringBootDependencyInjectionTestExecutionListener@3cfdd820, org.springframework.test.context.support.DirtiesContextTestExecutionListener@928763c, org.springframework.test.context.transaction.TransactionalTestExecutionListener@e25951c, org.springframework.test.context.jdbc.SqlScriptsTestExecutionListener@15f47664, org.springframework.test.context.event.EventPublishingTestExecutionListener@471a9022, org.springframework.boot.test.mock.mockito.ResetMocksTestExecutionListener@dc9876b, org.springframework.boot.test.autoconfigure.restdocs.RestDocsTestExecutionListener@2f666ebb, org.springframework.boot.test.autoconfigure.web.client.MockRestServiceServerResetTestExecutionListener@19976a65, org.springframework.boot.test.autoconfigure.web.servlet.MockMvcPrintOnlyOnFailureTestExecutionListener@a1f72f5, org.springframework.boot.test.autoconfigure.web.servlet.WebDriverTestExecutionListener@4b2c5e02, org.springframework.boot.test.autoconfigure.webservices.client.MockWebServiceServerTestExecutionListener@57a3e26a]
2020-06-29 12:40:16,771 INFO org.springframework.boot.StartupInfoLogger [main] Starting DemoApplicationTests on Abdallah with PID 3136 (started by Abdallah in E:\Projects\demo\demo)
2020-06-29 12:40:16,771 INFO org.springframework.boot.SpringApplication [main] The following profiles are active: dev
2020-06-29 12:40:17,833 INFO org.springframework.data.repository.config.RepositoryConfigurationDelegate [main] Bootstrapping Spring Data JPA repositories in DEFERRED mode.
2020-06-29 12:40:17,941 INFO org.springframework.data.repository.config.RepositoryConfigurationDelegate [main] Finished Spring Data repository scanning in 94ms. Found 4 JPA repository interfaces.
2020-06-29 12:40:18,849 INFO org.springframework.scheduling.concurrent.ExecutorConfigurationSupport [main] Initializing ExecutorService 'applicationTaskExecutor'
2020-06-29 12:40:19,008 INFO org.hibernate.jpa.internal.util.LogHelper [task-1] HHH000204: Processing PersistenceUnitInfo [name: default]
2020-06-29 12:40:19,118 INFO org.hibernate.Version [task-1] HHH000412: Hibernate ORM core version 5.4.17.Final
2020-06-29 12:40:19,540 INFO org.hibernate.annotations.common.reflection.java.JavaReflectionManager [task-1] HCANN000001: Hibernate Commons Annotations {5.1.0.Final}
2020-06-29 12:40:20,138 INFO com.zaxxer.hikari.HikariDataSource [task-1] HikariPool-1 - Starting...
2020-06-29 12:40:20,371 INFO com.zaxxer.hikari.HikariDataSource [task-1] HikariPool-1 - Start completed.
2020-06-29 12:40:20,393 INFO org.hibernate.dialect.Dialect [task-1] HHH000400: Using dialect: org.hibernate.dialect.MySQL5Dialect
2020-06-29 12:40:21,427 INFO org.hibernate.engine.transaction.jta.platform.internal.JtaPlatformInitiator [task-1] HHH000490: Using JtaPlatform implementation: [org.hibernate.engine.transaction.jta.platform.internal.NoJtaPlatform]
2020-06-29 12:40:21,437 INFO org.springframework.orm.jpa.AbstractEntityManagerFactoryBean [task-1] Initialized JPA EntityManagerFactory for persistence unit 'default'
2020-06-29 12:40:22,312 WARN org.springframework.boot.autoconfigure.orm.jpa.JpaBaseConfiguration$JpaWebConfiguration [main] spring.jpa.open-in-view is enabled by default. Therefore, database queries may be performed during view rendering. Explicitly configure spring.jpa.open-in-view to disable this warning
2020-06-29 12:40:23,275 INFO org.springframework.data.repository.config.DeferredRepositoryInitializationListener [main] Triggering deferred initialization of Spring Data repositories…
2020-06-29 12:40:23,825 INFO org.springframework.data.repository.config.DeferredRepositoryInitializationListener [main] Spring Data repositories initialized!
2020-06-29 12:40:23,838 INFO org.springframework.boot.StartupInfoLogger [main] Started DemoApplicationTests in 7.563 seconds (JVM running for 8.76)
2020-06-29 12:40:24,061 INFO org.springframework.orm.jpa.AbstractEntityManagerFactoryBean [SpringContextShutdownHook] Closing JPA EntityManagerFactory for persistence unit 'default'
2020-06-29 12:40:24,064 INFO org.springframework.scheduling.concurrent.ExecutorConfigurationSupport [SpringContextShutdownHook] Shutting down ExecutorService 'applicationTaskExecutor'
2020-06-29 12:40:24,066 INFO com.zaxxer.hikari.HikariDataSource [SpringContextShutdownHook] HikariPool-1 - Shutdown initiated...
2020-06-29 12:40:24,084 INFO com.zaxxer.hikari.HikariDataSource [SpringContextShutdownHook] HikariPool-1 - Shutdown completed.
2020-06-29 12:42:47,139 INFO org.springframework.test.context.support.AbstractTestContextBootstrapper [main] Neither @ContextConfiguration nor @ContextHierarchy found for test class [com.aflaifel.assignment.demo.DemoApplicationTests], using SpringBootContextLoader
2020-06-29 12:42:47,145 INFO org.springframework.test.context.support.AbstractContextLoader [main] Could not detect default resource locations for test class [com.aflaifel.assignment.demo.DemoApplicationTests]: no resource found for suffixes {-context.xml, Context.groovy}.
2020-06-29 12:42:47,146 INFO org.springframework.test.context.support.AnnotationConfigContextLoaderUtils [main] Could not detect default configuration classes for test class [com.aflaifel.assignment.demo.DemoApplicationTests]: DemoApplicationTests does not declare any static, non-private, non-final, nested classes annotated with @Configuration.
2020-06-29 12:42:47,265 INFO org.springframework.boot.test.context.SpringBootTestContextBootstrapper [main] Found @SpringBootConfiguration com.aflaifel.assignment.demo.DemoApplication for test class com.aflaifel.assignment.demo.DemoApplicationTests
2020-06-29 12:42:47,357 INFO org.springframework.test.context.support.AbstractTestContextBootstrapper [main] Loaded default TestExecutionListener class names from location [META-INF/spring.factories]: [org.springframework.boot.test.mock.mockito.MockitoTestExecutionListener, org.springframework.boot.test.mock.mockito.ResetMocksTestExecutionListener, org.springframework.boot.test.autoconfigure.restdocs.RestDocsTestExecutionListener, org.springframework.boot.test.autoconfigure.web.client.MockRestServiceServerResetTestExecutionListener, org.springframework.boot.test.autoconfigure.web.servlet.MockMvcPrintOnlyOnFailureTestExecutionListener, org.springframework.boot.test.autoconfigure.web.servlet.WebDriverTestExecutionListener, org.springframework.boot.test.autoconfigure.webservices.client.MockWebServiceServerTestExecutionListener, org.springframework.test.context.web.ServletTestExecutionListener, org.springframework.test.context.support.DirtiesContextBeforeModesTestExecutionListener, org.springframework.test.context.support.DependencyInjectionTestExecutionListener, org.springframework.test.context.support.DirtiesContextTestExecutionListener, org.springframework.test.context.transaction.TransactionalTestExecutionListener, org.springframework.test.context.jdbc.SqlScriptsTestExecutionListener, org.springframework.test.context.event.EventPublishingTestExecutionListener]
2020-06-29 12:42:47,376 INFO org.springframework.test.context.support.AbstractTestContextBootstrapper [main] Using TestExecutionListeners: [org.springframework.test.context.web.ServletTestExecutionListener@452e19ca, org.springframework.test.context.support.DirtiesContextBeforeModesTestExecutionListener@6b0d80ed, org.springframework.boot.test.mock.mockito.MockitoTestExecutionListener@6f8e8894, org.springframework.boot.test.autoconfigure.SpringBootDependencyInjectionTestExecutionListener@3cfdd820, org.springframework.test.context.support.DirtiesContextTestExecutionListener@928763c, org.springframework.test.context.transaction.TransactionalTestExecutionListener@e25951c, org.springframework.test.context.jdbc.SqlScriptsTestExecutionListener@15f47664, org.springframework.test.context.event.EventPublishingTestExecutionListener@471a9022, org.springframework.boot.test.mock.mockito.ResetMocksTestExecutionListener@dc9876b, org.springframework.boot.test.autoconfigure.restdocs.RestDocsTestExecutionListener@2f666ebb, org.springframework.boot.test.autoconfigure.web.client.MockRestServiceServerResetTestExecutionListener@19976a65, org.springframework.boot.test.autoconfigure.web.servlet.MockMvcPrintOnlyOnFailureTestExecutionListener@a1f72f5, org.springframework.boot.test.autoconfigure.web.servlet.WebDriverTestExecutionListener@4b2c5e02, org.springframework.boot.test.autoconfigure.webservices.client.MockWebServiceServerTestExecutionListener@57a3e26a]
2020-06-29 12:42:47,769 INFO org.springframework.boot.StartupInfoLogger [main] Starting DemoApplicationTests on Abdallah with PID 8200 (started by Abdallah in E:\Projects\demo\demo)
2020-06-29 12:42:47,770 INFO org.springframework.boot.SpringApplication [main] The following profiles are active: dev
2020-06-29 12:42:48,634 INFO org.springframework.data.repository.config.RepositoryConfigurationDelegate [main] Bootstrapping Spring Data JPA repositories in DEFERRED mode.
2020-06-29 12:42:48,742 INFO org.springframework.data.repository.config.RepositoryConfigurationDelegate [main] Finished Spring Data repository scanning in 94ms. Found 4 JPA repository interfaces.
2020-06-29 12:42:49,482 INFO org.springframework.scheduling.concurrent.ExecutorConfigurationSupport [main] Initializing ExecutorService 'applicationTaskExecutor'
2020-06-29 12:42:49,607 INFO org.hibernate.jpa.internal.util.LogHelper [task-1] HHH000204: Processing PersistenceUnitInfo [name: default]
2020-06-29 12:42:49,673 INFO org.hibernate.Version [task-1] HHH000412: Hibernate ORM core version 5.4.17.Final
2020-06-29 12:42:49,894 INFO org.hibernate.annotations.common.reflection.java.JavaReflectionManager [task-1] HCANN000001: Hibernate Commons Annotations {5.1.0.Final}
2020-06-29 12:42:50,386 INFO com.zaxxer.hikari.HikariDataSource [task-1] HikariPool-1 - Starting...
2020-06-29 12:42:50,581 INFO com.zaxxer.hikari.HikariDataSource [task-1] HikariPool-1 - Start completed.
2020-06-29 12:42:50,601 INFO org.hibernate.dialect.Dialect [task-1] HHH000400: Using dialect: org.hibernate.dialect.MySQL5Dialect
2020-06-29 12:42:51,353 INFO org.hibernate.engine.transaction.jta.platform.internal.JtaPlatformInitiator [task-1] HHH000490: Using JtaPlatform implementation: [org.hibernate.engine.transaction.jta.platform.internal.NoJtaPlatform]
2020-06-29 12:42:51,362 INFO org.springframework.orm.jpa.AbstractEntityManagerFactoryBean [task-1] Initialized JPA EntityManagerFactory for persistence unit 'default'
2020-06-29 12:42:52,039 WARN org.springframework.boot.autoconfigure.orm.jpa.JpaBaseConfiguration$JpaWebConfiguration [main] spring.jpa.open-in-view is enabled by default. Therefore, database queries may be performed during view rendering. Explicitly configure spring.jpa.open-in-view to disable this warning
2020-06-29 12:42:53,026 INFO org.springframework.data.repository.config.DeferredRepositoryInitializationListener [main] Triggering deferred initialization of Spring Data repositories…
2020-06-29 12:42:53,476 INFO org.springframework.data.repository.config.DeferredRepositoryInitializationListener [main] Spring Data repositories initialized!
2020-06-29 12:42:53,487 INFO org.springframework.boot.StartupInfoLogger [main] Started DemoApplicationTests in 6.07 seconds (JVM running for 7.14)
2020-06-29 12:42:53,662 INFO org.springframework.orm.jpa.AbstractEntityManagerFactoryBean [SpringContextShutdownHook] Closing JPA EntityManagerFactory for persistence unit 'default'
2020-06-29 12:42:53,665 INFO org.springframework.scheduling.concurrent.ExecutorConfigurationSupport [SpringContextShutdownHook] Shutting down ExecutorService 'applicationTaskExecutor'
2020-06-29 12:42:53,666 INFO com.zaxxer.hikari.HikariDataSource [SpringContextShutdownHook] HikariPool-1 - Shutdown initiated...
2020-06-29 12:42:53,689 INFO com.zaxxer.hikari.HikariDataSource [SpringContextShutdownHook] HikariPool-1 - Shutdown completed.
